{"name":"weatherapp","hostname":"Abhinav","pid":11076,"level":40,"msg":"","time":"2017-06-05T12:21:58.738Z","v":0}
{"name":"weatherapp","hostname":"Abhinav","pid":12476,"level":40,"msg":"","time":"2017-06-05T12:22:31.638Z","v":0}
{"name":"weatherapp","hostname":"Abhinav","pid":1100,"level":40,"data":{"name":"MongoError","message":"failed to connect to server [localhost:27017] on first connect [MongoError: connect ECONNREFUSED 127.0.0.1:27017]"},"msg":"","time":"2017-06-05T12:22:59.263Z","v":0}
{"name":"weatherapp","hostname":"Abhinav","pid":7064,"level":40,"data":{"name":"MongoError","message":"failed to connect to server [localhost:27017] on first connect [MongoError: connect ECONNREFUSED 127.0.0.1:27017]"},"msg":"","time":"2017-06-05T16:37:15.750Z","v":0}
{"name":"weatherapp","hostname":"Abhinav","pid":8568,"level":40,"data":{"name":"MongoError","message":"connection 0 to localhost:27017 timed out"},"msg":"","time":"2017-06-05T16:38:37.083Z","v":0}
{"name":"weatherapp","hostname":"Abhinav","pid":11824,"level":40,"data":{"name":"MongoError","message":"failed to connect to server [localhost:27017] on first connect [MongoError: getaddrinfo ENOENT localhost:27017]"},"msg":"","time":"2017-06-06T07:19:14.815Z","v":0}
{"name":"weatherapp","hostname":"Abhinav","pid":5504,"level":40,"data":{"name":"MongoError","message":"failed to connect to server [localhost:27017] on first connect [MongoError: getaddrinfo ENOENT localhost:27017]"},"msg":"","time":"2017-06-06T07:19:16.156Z","v":0}
{"name":"weatherapp","hostname":"Abhinav","pid":9972,"level":40,"data":{"name":"MongoError","message":"failed to connect to server [localhost:27017] on first connect [MongoError: getaddrinfo ENOENT localhost:27017]"},"msg":"","time":"2017-06-06T07:19:35.537Z","v":0}
{"name":"weatherapp","hostname":"Abhinav","pid":14164,"level":40,"data":{"name":"MongoError","message":"failed to connect to server [localhost:27017] on first connect [MongoError: getaddrinfo ENOENT localhost:27017]"},"msg":"","time":"2017-06-06T07:19:51.641Z","v":0}
{"name":"weatherapp","hostname":"Abhinav","pid":2392,"level":40,"data":{"name":"MongoError","message":"failed to connect to server [localhost:27017] on first connect [MongoError: getaddrinfo ENOENT localhost:27017]"},"msg":"","time":"2017-06-06T07:20:01.897Z","v":0}
{"name":"weatherapp","hostname":"Abhinav","pid":4516,"level":40,"data":{"name":"MongoError","message":"failed to connect to server [localhost:27017] on first connect [MongoError: getaddrinfo ENOENT localhost:27017]"},"msg":"","time":"2017-06-06T07:20:04.381Z","v":0}
{"name":"weatherapp","hostname":"Abhinav","pid":9928,"level":40,"data":{"name":"MongoError","message":"failed to connect to server [localhost:27017] on first connect [MongoError: getaddrinfo ENOENT localhost:27017]"},"msg":"","time":"2017-06-06T07:21:18.081Z","v":0}
{"name":"weatherapp","hostname":"Abhinav","pid":4772,"level":40,"data":{"name":"MongoError","message":"failed to connect to server [localhost:27017] on first connect [MongoError: getaddrinfo ENOENT localhost:27017]"},"msg":"","time":"2017-06-06T07:21:21.291Z","v":0}
{"name":"weatherapp","hostname":"Abhinav","pid":12200,"level":40,"data":{"name":"MongoError","message":"connection 0 to localhost:27017 timed out"},"msg":"","time":"2017-06-06T08:14:13.098Z","v":0}
{"name":"weatherapp","hostname":"Abhinav","pid":2060,"level":40,"data":{"name":"MongoError","message":"connection 0 to localhost:27017 timed out"},"msg":"","time":"2017-06-06T08:20:10.146Z","v":0}
{"name":"weatherapp","hostname":"Abhinav","pid":10756,"level":40,"data":{"name":"MongoError","message":"connection 0 to localhost:27017 timed out"},"msg":"","time":"2017-06-06T08:20:18.629Z","v":0}
{"name":"weatherapp","hostname":"Abhinav","pid":13152,"level":40,"data":{"name":"MongoError","message":"connection 0 to localhost:27017 timed out"},"msg":"","time":"2017-06-06T08:30:43.726Z","v":0}
{"name":"weatherapp","hostname":"Abhinav","pid":7384,"level":40,"data":{"name":"MongoError","message":"connection 0 to localhost:27017 timed out"},"msg":"","time":"2017-06-14T11:07:16.979Z","v":0}
{"name":"weatherapp","hostname":"Abhinav","pid":13352,"level":40,"data":{"name":"MongoError","message":"connection 0 to localhost:27017 timed out"},"msg":"","time":"2017-06-14T11:16:25.210Z","v":0}
{"name":"weatherapp","hostname":"Abhinav","pid":9928,"level":40,"data":{"name":"MongoError","message":"connection 0 to localhost:27017 timed out"},"msg":"","time":"2017-06-14T11:16:47.799Z","v":0}
{"name":"weatherapp","hostname":"Abhinav","pid":9268,"level":40,"data":{"name":"MongoError","message":"connection 0 to localhost:27017 timed out"},"msg":"","time":"2017-06-14T11:17:01.169Z","v":0}
{"name":"weatherapp","hostname":"Abhinav","pid":5008,"level":40,"data":{"name":"MongoError","message":"connection 0 to localhost:27017 timed out"},"msg":"","time":"2017-06-14T11:17:26.841Z","v":0}
{"name":"weatherapp","hostname":"Abhinav","pid":4388,"level":40,"data":{"name":"MongoError","message":"connection 0 to localhost:27017 timed out"},"msg":"","time":"2017-06-14T11:18:24.800Z","v":0}
{"name":"weatherapp","hostname":"Abhinav","pid":1156,"level":40,"data":{"name":"MongoError","message":"connection 0 to localhost:27017 timed out"},"msg":"","time":"2017-06-14T11:24:27.316Z","v":0}
{"name":"weatherapp","hostname":"Abhinav","pid":6116,"level":40,"data":{"name":"MongoError","message":"connection 0 to localhost:27017 timed out"},"msg":"","time":"2017-06-14T11:24:39.659Z","v":0}
{"name":"weatherapp","hostname":"Abhinav","pid":12972,"level":40,"data":{"name":"MongoError","message":"connection 0 to localhost:27017 timed out"},"msg":"","time":"2017-06-14T11:24:54.879Z","v":0}
{"name":"weatherapp","hostname":"Abhinav","pid":568,"level":40,"data":{"message":"Ran out of retries trying to reconnect to \"localhost:27017\". Try setting `server.reconnectTries` and `server.reconnectInterval` to something higher.","name":"DisconnectedError"},"msg":"","time":"2017-06-21T06:36:06.419Z","v":0}
{"name":"weatherapp","hostname":"Abhinav","pid":6340,"level":40,"data":{"name":"MongoError","message":"failed to connect to server [localhost:27017] on first connect [MongoError: connect ECONNREFUSED 127.0.0.1:27017]"},"msg":"","time":"2017-06-21T06:43:42.364Z","v":0}
{"name":"weatherapp","hostname":"Abhinav","pid":2228,"level":40,"data":{"name":"MongoError","message":"failed to connect to server [localhost:27017] on first connect [MongoError: connect ECONNREFUSED 127.0.0.1:27017]"},"msg":"","time":"2017-06-21T06:43:50.076Z","v":0}
{"name":"weatherapp","hostname":"Abhinav","pid":10452,"level":40,"data":{"name":"MongoError","message":"failed to connect to server [localhost:27017] on first connect [MongoError: getaddrinfo ENOENT localhost:27017]"},"msg":"","time":"2017-06-21T07:09:06.827Z","v":0}
{"name":"weatherapp","hostname":"Abhinav","pid":1628,"level":40,"data":{"name":"MongoError","message":"connection 0 to localhost:27017 timed out"},"msg":"","time":"2017-06-22T06:05:08.876Z","v":0}
{"name":"weatherapp","hostname":"Abhinav","pid":5884,"level":40,"data":{"name":"MongoError","message":"connection 0 to localhost:27017 timed out"},"msg":"","time":"2017-06-22T12:26:18.944Z","v":0}
{"name":"weatherapp","hostname":"Abhinav","pid":5212,"level":40,"data":{"name":"MongoError","message":"connection 0 to localhost:27017 timed out"},"msg":"","time":"2017-06-22T12:26:33.688Z","v":0}
{"name":"weatherapp","hostname":"Abhinav","pid":5204,"level":40,"data":{"name":"MongoError","message":"connection 0 to localhost:27017 timed out"},"msg":"","time":"2017-06-22T12:29:46.201Z","v":0}
{"name":"weatherapp","hostname":"Abhinav","pid":5672,"level":40,"data":{"name":"MongoError","message":"connection 0 to localhost:27017 timed out"},"msg":"","time":"2017-06-22T12:34:07.123Z","v":0}
{"name":"weatherapp","hostname":"Abhinav","pid":1704,"level":40,"data":{"name":"MongoError","message":"connection 0 to localhost:27017 timed out"},"msg":"","time":"2017-06-22T12:34:29.192Z","v":0}
{"name":"weatherapp","hostname":"Abhinav","pid":4796,"level":40,"data":{"name":"MongoError","message":"connection 0 to localhost:27017 timed out"},"msg":"","time":"2017-06-22T12:34:43.950Z","v":0}
{"name":"weatherapp","hostname":"Abhinav","pid":12820,"level":40,"data":{"name":"MongoError","message":"connection 0 to localhost:27017 timed out"},"msg":"","time":"2017-06-29T17:13:16.566Z","v":0}
{"name":"weatherapp","hostname":"Abhinav","pid":13344,"level":40,"data":{"name":"MongoError","message":"failed to connect to server [localhost:27017] on first connect [MongoError: getaddrinfo ENOENT localhost:27017]"},"msg":"","time":"2017-06-30T07:22:03.824Z","v":0}
{"name":"weatherapp","hostname":"Abhinav","pid":1188,"level":40,"data":{"name":"MongoError","message":"failed to connect to server [localhost:27017] on first connect [MongoError: connect ECONNREFUSED 127.0.0.1:27017]"},"msg":"","time":"2017-06-30T09:24:37.942Z","v":0}
